23:11:11.613 [main] TRACE logger - Sending Github Authorization key from Configuration file
23:11:11.639 [main] TRACE logger - Building Github object
23:11:14.252 [main] TRACE logger - Connection built successfully and sending the request!
23:11:14.375 [main] TRACE JSONParser - Executing: JSONParser object
23:11:14.376 [main] TRACE JSONParser - Executing: getUserOwnRepo
23:11:14.640 [main] TRACE JSONParser - Parsing JSON string
23:11:15.574 [main] TRACE JSONParser - Building JSON Tree into case class objects
23:11:16.278 [main] TRACE JSONParser - Returning list of own repos.
23:11:16.288 [main] TRACE JSONParser - Executing: getRepoInfo
23:11:16.289 [main] TRACE JSONParser - Executing: getLanguages
23:11:16.290 [main] TRACE JSONParser - Executing: getStarGazersCount
23:11:16.290 [main] TRACE JSONParser - Executing: getCollaborators
23:11:16.290 [main] TRACE JSONParser - Executing: getPullRequest
23:11:16.290 [main] TRACE JSONParser - Executing: getCommitCommentsCount
23:11:16.292 [main] TRACE JSONParser - Executing: getRepoInfo
23:11:16.292 [main] TRACE JSONParser - Executing: getLanguages
23:11:16.292 [main] TRACE JSONParser - Executing: getStarGazersCount
23:11:16.292 [main] TRACE JSONParser - Executing: getCollaborators
23:11:16.292 [main] TRACE JSONParser - Executing: getPullRequest
23:11:16.292 [main] TRACE JSONParser - Executing: getCommitCommentsCount
